Using pre-set license
Built from '2020.3/release' branch; Version is '2020.3.7f1 (dd97f2c94397) revision 14522354'; Using compiler version '192528614'; Build Type 'Release'
OS: 'Windows 10 Education; OS build 19043.1023; Version 2009; 64bit' Language: 'en' Physical Memory: 7998 MB
BatchMode: 1, IsHumanControllingUs: 0, StartBugReporterOnCrash: 0, Is64bit: 1, IsPro: 0

 COMMAND LINE ARGUMENTS:
C:\Program Files\Unity\Hub\Editor\2020.3.7f1\Editor\Unity.exe
-adb2
-batchMode
-noUpm
-name
AssetImportWorker1
-projectPath
C:/Users/Duong/Documents/Development/Projects/ProjectHome
-logFile
Logs/AssetImportWorker1.log
-srvPort
64991
Successfully changed project path to: C:/Users/Duong/Documents/Development/Projects/ProjectHome
C:/Users/Duong/Documents/Development/Projects/ProjectHome
Using Asset Import Pipeline V2.
Refreshing native plugins compatible for Editor in 79.76 ms, found 1 plugins.
Preloading 0 native plugins for Editor in 0.00 ms.
Initialize engine version: 2020.3.7f1 (dd97f2c94397)
[Subsystems] Discovering subsystems at path C:/Program Files/Unity/Hub/Editor/2020.3.7f1/Editor/Data/Resources/UnitySubsystems
[Subsystems] Discovering subsystems at path C:/Users/Duong/Documents/Development/Projects/ProjectHome/Assets
GfxDevice: creating device client; threaded=0
Direct3D:
    Version:  Direct3D 11.0 [level 11.1]
    Renderer: NVIDIA GeForce MX250 (ID=0x1d13)
    Vendor:   
    VRAM:     1983 MB
    Driver:   27.21.14.6647
Shader 'Universal Render Pipeline/Particles/Lit': fallback shader 'Universal Render Pipeline/Particles/SimpleLit' not found
Initialize mono
Mono path[0] = 'C:/Program Files/Unity/Hub/Editor/2020.3.7f1/Editor/Data/Managed'
Mono path[1] = 'C:/Program Files/Unity/Hub/Editor/2020.3.7f1/Editor/Data/MonoBleedingEdge/lib/mono/unityjit'
Mono config path = 'C:/Program Files/Unity/Hub/Editor/2020.3.7f1/Editor/Data/MonoBleedingEdge/etc'
Using monoOptions --debugger-agent=transport=dt_socket,embedding=1,server=y,suspend=n,address=127.0.0.1:56652
Begin MonoManager ReloadAssembly
Registering precompiled unity dll's ...
Register platform support module: C:/Program Files/Unity/Hub/Editor/2020.3.7f1/Editor/Data/PlaybackEngines/WindowsStandaloneSupport/UnityEditor.WindowsStandalone.Extensions.dll
Registered in 0.002352 seconds.
Native extension for WindowsStandalone target not found
Refreshing native plugins compatible for Editor in 88.59 ms, found 1 plugins.
Preloading 0 native plugins for Editor in 0.00 ms.
Mono: successfully reloaded assembly
- Completed reload, in  2.100 seconds
Platform modules already initialized, skipping
Registering precompiled user dll's ...
Registered in 0.001575 seconds.
Begin MonoManager ReloadAssembly
Native extension for WindowsStandalone target not found
Refreshing native plugins compatible for Editor in 78.45 ms, found 1 plugins.
Preloading 0 native plugins for Editor in 0.00 ms.
Mono: successfully reloaded assembly
- Completed reload, in  1.361 seconds
Platform modules already initialized, skipping
========================================================================
Worker process is ready to serve import requests
Shader 'Universal Render Pipeline/Particles/Lit': fallback shader 'Universal Render Pipeline/Particles/SimpleLit' not found
Launched and connected shader compiler UnityShaderCompiler.exe after 0.11 seconds
Refreshing native plugins compatible for Editor in 5.15 ms, found 1 plugins.
Preloading 0 native plugins for Editor in 0.00 ms.
Unloading 3446 Unused Serialized files (Serialized files now loaded: 0)
System memory in use before: 150.9 MB.
System memory in use after: 151.1 MB.

Unloading 23 unused Assets to reduce memory usage. Loaded Objects now: 3895.
Total: 3.803900 ms (FindLiveObjects: 0.550600 ms CreateObjectMapping: 0.376700 ms MarkObjects: 2.784600 ms  DeleteObjects: 0.089300 ms)

========================================================================
Received Import Request.
  path: Assets/Animations/Enemies/Humanoid/Humanoid_Exit.anim
  artifactKey: Guid(549689fcae77d0d49a85b0989a54f900) Importer(815301076,1909f56bfc062723c751e8b465ee728b)
Start importing Assets/Animations/Enemies/Humanoid/Humanoid_Exit.anim using Guid(549689fcae77d0d49a85b0989a54f900) Importer(815301076,1909f56bfc062723c751e8b465ee728b)  -> (artifact id: '6123ebff942597d49e8ffd15526c8146') in 0.052419 seconds
  Import took 0.060247 seconds .

========================================================================
Received Import Request.
  Time since last request: 0.000297 seconds.
  path: Assets/Animations/Enemies/Humanoid/Humanoid.overrideController
  artifactKey: Guid(5a9e295a295296c4da90c119c0bbebc8) Importer(815301076,1909f56bfc062723c751e8b465ee728b)
Start importing Assets/Animations/Enemies/Humanoid/Humanoid.overrideController using Guid(5a9e295a295296c4da90c119c0bbebc8) Importer(815301076,1909f56bfc062723c751e8b465ee728b)  -> (artifact id: '7ee10b8cdea8866c6d56b6284d8e3b40') in 0.037962 seconds
  Import took 0.044567 seconds .

========================================================================
Received Import Request.
  Time since last request: 34.259431 seconds.
  path: Assets/Animations/Player/Dash.anim
  artifactKey: Guid(a439c22d5b890e343bc7b4a2d80befa8) Importer(815301076,1909f56bfc062723c751e8b465ee728b)
Start importing Assets/Animations/Player/Dash.anim using Guid(a439c22d5b890e343bc7b4a2d80befa8) Importer(815301076,1909f56bfc062723c751e8b465ee728b)  -> (artifact id: '3473d7a38fad76692d8523bd70a3ef8c') in 0.023861 seconds
  Import took 0.032050 seconds .

========================================================================
Received Import Request.
  Time since last request: 4.952581 seconds.
  path: Assets/Animations/Player/Stagger.anim
  artifactKey: Guid(e35627b5d4776a2448129b37db0f7675) Importer(815301076,1909f56bfc062723c751e8b465ee728b)
Start importing Assets/Animations/Player/Stagger.anim using Guid(e35627b5d4776a2448129b37db0f7675) Importer(815301076,1909f56bfc062723c751e8b465ee728b)  -> (artifact id: 'e8ad526f22bc7f9b870d7511be791a51') in 0.021796 seconds
  Import took 0.029387 seconds .

========================================================================
Received Import Request.
  Time since last request: 1.205400 seconds.
  path: Assets/Animations/Player/Stagger 1.anim
  artifactKey: Guid(f9990d22e6fd9b14eaf639c50277bfed) Importer(815301076,1909f56bfc062723c751e8b465ee728b)
Start importing Assets/Animations/Player/Stagger 1.anim using Guid(f9990d22e6fd9b14eaf639c50277bfed) Importer(815301076,1909f56bfc062723c751e8b465ee728b)  -> (artifact id: 'ea4302ff6c8597fa09264413de4275c9') in 0.012454 seconds
  Import took 0.019884 seconds .

========================================================================
Received Import Request.
  Time since last request: 1.930992 seconds.
  path: Assets/Animations/Enemies/Humanoid/Stagger 1.anim
  artifactKey: Guid(f9990d22e6fd9b14eaf639c50277bfed) Importer(815301076,1909f56bfc062723c751e8b465ee728b)
Start importing Assets/Animations/Enemies/Humanoid/Stagger 1.anim using Guid(f9990d22e6fd9b14eaf639c50277bfed) Importer(815301076,1909f56bfc062723c751e8b465ee728b)  -> (artifact id: '9f82439a6edddc4b8d60c69a905910c0') in 0.005767 seconds
  Import took 0.014741 seconds .

========================================================================
Received Import Request.
  Time since last request: 7.788379 seconds.
  path: Assets/Animations/Enemies/Humanoid/Humanoid_Stagger.anim
  artifactKey: Guid(f9990d22e6fd9b14eaf639c50277bfed) Importer(815301076,1909f56bfc062723c751e8b465ee728b)
Start importing Assets/Animations/Enemies/Humanoid/Humanoid_Stagger.anim using Guid(f9990d22e6fd9b14eaf639c50277bfed) Importer(815301076,1909f56bfc062723c751e8b465ee728b)  -> (artifact id: 'd5bc6fddfc0e9be152574684ce7d4c78') in 0.012873 seconds
  Import took 0.021009 seconds .

========================================================================
Received Import Request.
  Time since last request: 3.515805 seconds.
  path: Assets/Animations/Enemies/Enemy.controller
  artifactKey: Guid(1f62574abe6da9c4eb3e18f75245bc68) Importer(815301076,1909f56bfc062723c751e8b465ee728b)
Start importing Assets/Animations/Enemies/Enemy.controller using Guid(1f62574abe6da9c4eb3e18f75245bc68) Importer(815301076,1909f56bfc062723c751e8b465ee728b)  -> (artifact id: '917f1b9f348b5812350038ce6f3cfc95') in 0.012787 seconds
  Import took 0.019884 seconds .

========================================================================
Received Import Request.
  Time since last request: 106.708869 seconds.
  path: Assets/Animations/Enemies/Humanoid/Humanoid.overrideController
  artifactKey: Guid(5a9e295a295296c4da90c119c0bbebc8) Importer(815301076,1909f56bfc062723c751e8b465ee728b)
Start importing Assets/Animations/Enemies/Humanoid/Humanoid.overrideController using Guid(5a9e295a295296c4da90c119c0bbebc8) Importer(815301076,1909f56bfc062723c751e8b465ee728b)  -> (artifact id: '03111736a091062479349638fc23ee91') in 0.009142 seconds
  Import took 0.016866 seconds .

========================================================================
Received Prepare
Registering precompiled user dll's ...
Registered in 0.001763 seconds.
Begin MonoManager ReloadAssembly
Native extension for WindowsStandalone target not found
Refreshing native plugins compatible for Editor in 0.62 ms, found 1 plugins.
Preloading 0 native plugins for Editor in 0.00 ms.
Mono: successfully reloaded assembly
- Completed reload, in  1.167 seconds
Platform modules already initialized, skipping
Shader 'Universal Render Pipeline/Particles/Lit': fallback shader 'Universal Render Pipeline/Particles/SimpleLit' not found
Refreshing native plugins compatible for Editor in 0.88 ms, found 1 plugins.
Preloading 0 native plugins for Editor in 0.00 ms.
Unloading 3316 Unused Serialized files (Serialized files now loaded: 0)
System memory in use before: 142.9 MB.
System memory in use after: 143.2 MB.

Unloading 9 unused Assets to reduce memory usage. Loaded Objects now: 3899.
Total: 6.678700 ms (FindLiveObjects: 0.766500 ms CreateObjectMapping: 0.659600 ms MarkObjects: 5.207300 ms  DeleteObjects: 0.042300 ms)

========================================================================
Received Prepare
Registering precompiled user dll's ...
Registered in 0.005015 seconds.
Begin MonoManager ReloadAssembly
Native extension for WindowsStandalone target not found
Refreshing native plugins compatible for Editor in 0.64 ms, found 1 plugins.
Preloading 0 native plugins for Editor in 0.00 ms.
Mono: successfully reloaded assembly
- Completed reload, in  1.369 seconds
Platform modules already initialized, skipping
Shader 'Universal Render Pipeline/Particles/Lit': fallback shader 'Universal Render Pipeline/Particles/SimpleLit' not found
Refreshing native plugins compatible for Editor in 0.66 ms, found 1 plugins.
Preloading 0 native plugins for Editor in 0.00 ms.
Unloading 3316 Unused Serialized files (Serialized files now loaded: 0)
System memory in use before: 143.0 MB.
System memory in use after: 143.2 MB.

Unloading 9 unused Assets to reduce memory usage. Loaded Objects now: 3903.
Total: 5.397000 ms (FindLiveObjects: 0.515300 ms CreateObjectMapping: 0.474700 ms MarkObjects: 4.381200 ms  DeleteObjects: 0.023600 ms)

========================================================================
Received Prepare
Registering precompiled user dll's ...
Registered in 0.001566 seconds.
Begin MonoManager ReloadAssembly
Native extension for WindowsStandalone target not found
Refreshing native plugins compatible for Editor in 0.82 ms, found 1 plugins.
Preloading 0 native plugins for Editor in 0.00 ms.
Mono: successfully reloaded assembly
- Completed reload, in  1.094 seconds
Platform modules already initialized, skipping
Shader 'Universal Render Pipeline/Particles/Lit': fallback shader 'Universal Render Pipeline/Particles/SimpleLit' not found
Refreshing native plugins compatible for Editor in 0.67 ms, found 1 plugins.
Preloading 0 native plugins for Editor in 0.00 ms.
Unloading 3316 Unused Serialized files (Serialized files now loaded: 0)
System memory in use before: 143.0 MB.
System memory in use after: 143.3 MB.

Unloading 9 unused Assets to reduce memory usage. Loaded Objects now: 3907.
Total: 3.112800 ms (FindLiveObjects: 0.379400 ms CreateObjectMapping: 0.220700 ms MarkObjects: 2.486500 ms  DeleteObjects: 0.024800 ms)

========================================================================
Received Prepare
Registering precompiled user dll's ...
Registered in 0.003415 seconds.
Begin MonoManager ReloadAssembly
Native extension for WindowsStandalone target not found
Refreshing native plugins compatible for Editor in 0.60 ms, found 1 plugins.
Preloading 0 native plugins for Editor in 0.00 ms.
Mono: successfully reloaded assembly
- Completed reload, in  1.087 seconds
Platform modules already initialized, skipping
Shader 'Universal Render Pipeline/Particles/Lit': fallback shader 'Universal Render Pipeline/Particles/SimpleLit' not found
Refreshing native plugins compatible for Editor in 0.65 ms, found 1 plugins.
Preloading 0 native plugins for Editor in 0.00 ms.
Unloading 3316 Unused Serialized files (Serialized files now loaded: 0)
System memory in use before: 143.0 MB.
System memory in use after: 143.3 MB.

Unloading 9 unused Assets to reduce memory usage. Loaded Objects now: 3911.
Total: 3.736900 ms (FindLiveObjects: 0.517400 ms CreateObjectMapping: 0.426000 ms MarkObjects: 2.768500 ms  DeleteObjects: 0.023200 ms)

========================================================================
Received Prepare
Registering precompiled user dll's ...
Registered in 0.001635 seconds.
Begin MonoManager ReloadAssembly
Native extension for WindowsStandalone target not found
Refreshing native plugins compatible for Editor in 0.66 ms, found 1 plugins.
Preloading 0 native plugins for Editor in 0.00 ms.
Mono: successfully reloaded assembly
- Completed reload, in  1.366 seconds
Platform modules already initialized, skipping
Shader 'Universal Render Pipeline/Particles/Lit': fallback shader 'Universal Render Pipeline/Particles/SimpleLit' not found
Refreshing native plugins compatible for Editor in 0.67 ms, found 1 plugins.
Preloading 0 native plugins for Editor in 0.00 ms.
Unloading 3316 Unused Serialized files (Serialized files now loaded: 0)
System memory in use before: 143.1 MB.
System memory in use after: 143.3 MB.

Unloading 9 unused Assets to reduce memory usage. Loaded Objects now: 3915.
Total: 7.478000 ms (FindLiveObjects: 0.766200 ms CreateObjectMapping: 0.655700 ms MarkObjects: 6.007900 ms  DeleteObjects: 0.043400 ms)

========================================================================
Received Prepare
Registering precompiled user dll's ...
Registered in 0.001958 seconds.
Begin MonoManager ReloadAssembly
Native extension for WindowsStandalone target not found
Refreshing native plugins compatible for Editor in 0.73 ms, found 1 plugins.
Preloading 0 native plugins for Editor in 0.00 ms.
Mono: successfully reloaded assembly
- Completed reload, in  1.455 seconds
Platform modules already initialized, skipping
Shader 'Universal Render Pipeline/Particles/Lit': fallback shader 'Universal Render Pipeline/Particles/SimpleLit' not found
Refreshing native plugins compatible for Editor in 0.84 ms, found 1 plugins.
Preloading 0 native plugins for Editor in 0.00 ms.
Unloading 3316 Unused Serialized files (Serialized files now loaded: 0)
System memory in use before: 143.1 MB.
System memory in use after: 143.3 MB.

Unloading 9 unused Assets to reduce memory usage. Loaded Objects now: 3919.
Total: 5.364900 ms (FindLiveObjects: 0.474800 ms CreateObjectMapping: 0.501000 ms MarkObjects: 4.353100 ms  DeleteObjects: 0.033700 ms)

========================================================================
Received Prepare
Registering precompiled user dll's ...
Registered in 0.001590 seconds.
Begin MonoManager ReloadAssembly
Native extension for WindowsStandalone target not found
Refreshing native plugins compatible for Editor in 0.74 ms, found 1 plugins.
Preloading 0 native plugins for Editor in 0.00 ms.
Mono: successfully reloaded assembly
- Completed reload, in  1.594 seconds
Platform modules already initialized, skipping
Shader 'Universal Render Pipeline/Particles/Lit': fallback shader 'Universal Render Pipeline/Particles/SimpleLit' not found
Refreshing native plugins compatible for Editor in 0.71 ms, found 1 plugins.
Preloading 0 native plugins for Editor in 0.00 ms.
Unloading 3316 Unused Serialized files (Serialized files now loaded: 0)
System memory in use before: 143.1 MB.
System memory in use after: 143.3 MB.

Unloading 9 unused Assets to reduce memory usage. Loaded Objects now: 3923.
Total: 4.222100 ms (FindLiveObjects: 0.474900 ms CreateObjectMapping: 0.401000 ms MarkObjects: 3.315200 ms  DeleteObjects: 0.028800 ms)

========================================================================
Received Prepare
Registering precompiled user dll's ...
Registered in 0.005391 seconds.
Begin MonoManager ReloadAssembly
Native extension for WindowsStandalone target not found
Refreshing native plugins compatible for Editor in 0.71 ms, found 1 plugins.
Preloading 0 native plugins for Editor in 0.00 ms.
Mono: successfully reloaded assembly
- Completed reload, in  1.742 seconds
Platform modules already initialized, skipping
Shader 'Universal Render Pipeline/Particles/Lit': fallback shader 'Universal Render Pipeline/Particles/SimpleLit' not found
Refreshing native plugins compatible for Editor in 0.86 ms, found 1 plugins.
Preloading 0 native plugins for Editor in 0.00 ms.
Unloading 3316 Unused Serialized files (Serialized files now loaded: 0)
System memory in use before: 143.1 MB.
System memory in use after: 143.3 MB.

Unloading 9 unused Assets to reduce memory usage. Loaded Objects now: 3927.
Total: 5.906500 ms (FindLiveObjects: 0.541600 ms CreateObjectMapping: 0.451700 ms MarkObjects: 4.874200 ms  DeleteObjects: 0.036600 ms)

========================================================================
Received Prepare
Shader 'Universal Render Pipeline/Particles/Lit': fallback shader 'Universal Render Pipeline/Particles/SimpleLit' not found
Refreshing native plugins compatible for Editor in 2.54 ms, found 1 plugins.
Preloading 0 native plugins for Editor in 0.00 ms.
Unloading 6 Unused Serialized files (Serialized files now loaded: 0)
System memory in use before: 77.7 MB.
System memory in use after: 77.9 MB.

Unloading 6 unused Assets to reduce memory usage. Loaded Objects now: 3927.
Total: 4.424100 ms (FindLiveObjects: 0.783900 ms CreateObjectMapping: 0.433500 ms MarkObjects: 3.177500 ms  DeleteObjects: 0.024500 ms)

========================================================================
Received Import Request.
  Time since last request: 440.930466 seconds.
  path: Assets/Prefabs/Enemies/PracticeDummy.prefab
  artifactKey: Guid(403cfd27ea1f15a498373a57597ee271) Importer(815301076,1909f56bfc062723c751e8b465ee728b)
Start importing Assets/Prefabs/Enemies/PracticeDummy.prefab using Guid(403cfd27ea1f15a498373a57597ee271) Importer(815301076,1909f56bfc062723c751e8b465ee728b)  -> (artifact id: 'e0c517602d251a29e4728912b7c85473') in 0.264339 seconds
  Import took 0.273628 seconds .

========================================================================
Received Import Request.
  Time since last request: 1.590485 seconds.
  path: Assets/Prefabs/Enemies/PracticeDummy.prefab
  artifactKey: Guid(403cfd27ea1f15a498373a57597ee271) Importer(815301076,1909f56bfc062723c751e8b465ee728b)
Start importing Assets/Prefabs/Enemies/PracticeDummy.prefab using Guid(403cfd27ea1f15a498373a57597ee271) Importer(815301076,1909f56bfc062723c751e8b465ee728b)  -> (artifact id: 'b6da07bce3d635f887d13541cfe4f15c') in 0.013655 seconds
  Import took 0.023994 seconds .

========================================================================
Received Prepare
Registering precompiled user dll's ...
Registered in 0.002050 seconds.
Begin MonoManager ReloadAssembly
Native extension for WindowsStandalone target not found
Refreshing native plugins compatible for Editor in 0.67 ms, found 1 plugins.
Preloading 0 native plugins for Editor in 0.00 ms.
Mono: successfully reloaded assembly
- Completed reload, in  1.472 seconds
Platform modules already initialized, skipping
Shader 'Universal Render Pipeline/Particles/Lit': fallback shader 'Universal Render Pipeline/Particles/SimpleLit' not found
Refreshing native plugins compatible for Editor in 3.57 ms, found 1 plugins.
Preloading 0 native plugins for Editor in 0.00 ms.
Unloading 3316 Unused Serialized files (Serialized files now loaded: 0)
System memory in use before: 148.2 MB.
System memory in use after: 148.5 MB.

Unloading 9 unused Assets to reduce memory usage. Loaded Objects now: 3976.
Total: 32.847700 ms (FindLiveObjects: 2.935700 ms CreateObjectMapping: 0.785900 ms MarkObjects: 29.084900 ms  DeleteObjects: 0.037400 ms)

========================================================================
Received Prepare
Registering precompiled user dll's ...
Registered in 0.002083 seconds.
Begin MonoManager ReloadAssembly
Native extension for WindowsStandalone target not found
Refreshing native plugins compatible for Editor in 0.74 ms, found 1 plugins.
Preloading 0 native plugins for Editor in 0.00 ms.
Mono: successfully reloaded assembly
- Completed reload, in  1.510 seconds
Platform modules already initialized, skipping
Shader 'Universal Render Pipeline/Particles/Lit': fallback shader 'Universal Render Pipeline/Particles/SimpleLit' not found
Refreshing native plugins compatible for Editor in 1.44 ms, found 1 plugins.
Preloading 0 native plugins for Editor in 0.00 ms.
Unloading 3316 Unused Serialized files (Serialized files now loaded: 0)
System memory in use before: 148.2 MB.
System memory in use after: 148.5 MB.

Unloading 9 unused Assets to reduce memory usage. Loaded Objects now: 3980.
Total: 5.224100 ms (FindLiveObjects: 0.604100 ms CreateObjectMapping: 0.366100 ms MarkObjects: 4.221000 ms  DeleteObjects: 0.030500 ms)

========================================================================
Received Prepare
Registering precompiled user dll's ...
Registered in 0.006069 seconds.
Begin MonoManager ReloadAssembly
Native extension for WindowsStandalone target not found
Refreshing native plugins compatible for Editor in 1.74 ms, found 1 plugins.
Preloading 0 native plugins for Editor in 0.00 ms.
Mono: successfully reloaded assembly
- Completed reload, in  1.733 seconds
Platform modules already initialized, skipping
Shader 'Universal Render Pipeline/Particles/Lit': fallback shader 'Universal Render Pipeline/Particles/SimpleLit' not found
Refreshing native plugins compatible for Editor in 0.79 ms, found 1 plugins.
Preloading 0 native plugins for Editor in 0.00 ms.
Unloading 3316 Unused Serialized files (Serialized files now loaded: 0)
System memory in use before: 148.2 MB.
System memory in use after: 148.5 MB.

Unloading 9 unused Assets to reduce memory usage. Loaded Objects now: 3984.
Total: 8.749600 ms (FindLiveObjects: 0.954500 ms CreateObjectMapping: 0.438900 ms MarkObjects: 7.203600 ms  DeleteObjects: 0.148800 ms)

========================================================================
Received Prepare
Registering precompiled user dll's ...
Registered in 0.001839 seconds.
Begin MonoManager ReloadAssembly
Native extension for WindowsStandalone target not found
Refreshing native plugins compatible for Editor in 0.75 ms, found 1 plugins.
Preloading 0 native plugins for Editor in 0.00 ms.
Mono: successfully reloaded assembly
- Completed reload, in  1.546 seconds
Platform modules already initialized, skipping
Shader 'Universal Render Pipeline/Particles/Lit': fallback shader 'Universal Render Pipeline/Particles/SimpleLit' not found
Refreshing native plugins compatible for Editor in 0.73 ms, found 1 plugins.
Preloading 0 native plugins for Editor in 0.00 ms.
Unloading 3316 Unused Serialized files (Serialized files now loaded: 0)
System memory in use before: 148.3 MB.
System memory in use after: 148.5 MB.

Unloading 9 unused Assets to reduce memory usage. Loaded Objects now: 3988.
Total: 11.824500 ms (FindLiveObjects: 1.713100 ms CreateObjectMapping: 0.865900 ms MarkObjects: 9.194900 ms  DeleteObjects: 0.041500 ms)

========================================================================
Received Prepare
Shader 'Universal Render Pipeline/Particles/Lit': fallback shader 'Universal Render Pipeline/Particles/SimpleLit' not found
Refreshing native plugins compatible for Editor in 3.25 ms, found 1 plugins.
Preloading 0 native plugins for Editor in 0.00 ms.
Unloading 6 Unused Serialized files (Serialized files now loaded: 0)
System memory in use before: 82.9 MB.
System memory in use after: 83.1 MB.

Unloading 6 unused Assets to reduce memory usage. Loaded Objects now: 3988.
Total: 15.909600 ms (FindLiveObjects: 3.876700 ms CreateObjectMapping: 3.915000 ms MarkObjects: 8.062700 ms  DeleteObjects: 0.051500 ms)

========================================================================
Received Prepare
Registering precompiled user dll's ...
Registered in 0.001717 seconds.
Begin MonoManager ReloadAssembly
Native extension for WindowsStandalone target not found
Refreshing native plugins compatible for Editor in 0.70 ms, found 1 plugins.
Preloading 0 native plugins for Editor in 0.00 ms.
Mono: successfully reloaded assembly
- Completed reload, in  1.154 seconds
Platform modules already initialized, skipping
Shader 'Universal Render Pipeline/Particles/Lit': fallback shader 'Universal Render Pipeline/Particles/SimpleLit' not found
Refreshing native plugins compatible for Editor in 0.73 ms, found 1 plugins.
Preloading 0 native plugins for Editor in 0.00 ms.
Unloading 3316 Unused Serialized files (Serialized files now loaded: 0)
System memory in use before: 148.3 MB.
System memory in use after: 148.5 MB.

Unloading 9 unused Assets to reduce memory usage. Loaded Objects now: 3992.
Total: 3.840400 ms (FindLiveObjects: 0.507900 ms CreateObjectMapping: 0.361300 ms MarkObjects: 2.943800 ms  DeleteObjects: 0.024900 ms)

========================================================================
Received Prepare
Shader 'Universal Render Pipeline/Particles/Lit': fallback shader 'Universal Render Pipeline/Particles/SimpleLit' not found
Refreshing native plugins compatible for Editor in 2.60 ms, found 1 plugins.
Preloading 0 native plugins for Editor in 0.00 ms.
Unloading 6 Unused Serialized files (Serialized files now loaded: 0)
System memory in use before: 82.9 MB.
System memory in use after: 83.1 MB.

Unloading 6 unused Assets to reduce memory usage. Loaded Objects now: 3992.
Total: 4.182300 ms (FindLiveObjects: 0.658200 ms CreateObjectMapping: 0.419900 ms MarkObjects: 3.078800 ms  DeleteObjects: 0.022100 ms)

========================================================================
Received Prepare
Registering precompiled user dll's ...
Registered in 0.001583 seconds.
Begin MonoManager ReloadAssembly
Native extension for WindowsStandalone target not found
Refreshing native plugins compatible for Editor in 0.59 ms, found 1 plugins.
Preloading 0 native plugins for Editor in 0.00 ms.
Mono: successfully reloaded assembly
- Completed reload, in  1.125 seconds
Platform modules already initialized, skipping
Shader 'Universal Render Pipeline/Particles/Lit': fallback shader 'Universal Render Pipeline/Particles/SimpleLit' not found
Refreshing native plugins compatible for Editor in 0.66 ms, found 1 plugins.
Preloading 0 native plugins for Editor in 0.00 ms.
Unloading 3315 Unused Serialized files (Serialized files now loaded: 0)
System memory in use before: 148.3 MB.
System memory in use after: 148.5 MB.

Unloading 10 unused Assets to reduce memory usage. Loaded Objects now: 3995.
Total: 5.856200 ms (FindLiveObjects: 0.602900 ms CreateObjectMapping: 0.459500 ms MarkObjects: 4.748700 ms  DeleteObjects: 0.043400 ms)

========================================================================
Received Import Request.
  Time since last request: 2591.345248 seconds.
  path: ProjectSettings/TagManager.asset
  artifactKey: Guid(00000000000000003000000000000000) Importer(815301076,1909f56bfc062723c751e8b465ee728b)
Start importing ProjectSettings/TagManager.asset using Guid(00000000000000003000000000000000) Importer(815301076,1909f56bfc062723c751e8b465ee728b)  -> (artifact id: '1ee69ece8ff28bd49dc570cd91273abb') in 0.036952 seconds
  Import took 0.045485 seconds .

========================================================================
Received Prepare
Registering precompiled user dll's ...
Registered in 0.002637 seconds.
Begin MonoManager ReloadAssembly
Native extension for WindowsStandalone target not found
Refreshing native plugins compatible for Editor in 0.61 ms, found 1 plugins.
Preloading 0 native plugins for Editor in 0.00 ms.
Mono: successfully reloaded assembly
- Completed reload, in  1.084 seconds
Platform modules already initialized, skipping
Shader 'Universal Render Pipeline/Particles/Lit': fallback shader 'Universal Render Pipeline/Particles/SimpleLit' not found
Refreshing native plugins compatible for Editor in 0.61 ms, found 1 plugins.
Preloading 0 native plugins for Editor in 0.00 ms.
Unloading 3315 Unused Serialized files (Serialized files now loaded: 0)
System memory in use before: 148.3 MB.
System memory in use after: 148.5 MB.

Unloading 10 unused Assets to reduce memory usage. Loaded Objects now: 3999.
Total: 4.667100 ms (FindLiveObjects: 0.795900 ms CreateObjectMapping: 0.324100 ms MarkObjects: 3.519700 ms  DeleteObjects: 0.025000 ms)

========================================================================
Received Prepare
Shader 'Universal Render Pipeline/Particles/Lit': fallback shader 'Universal Render Pipeline/Particles/SimpleLit' not found
Refreshing native plugins compatible for Editor in 4.37 ms, found 1 plugins.
Preloading 0 native plugins for Editor in 0.00 ms.
Unloading 6 Unused Serialized files (Serialized files now loaded: 0)
System memory in use before: 82.9 MB.
System memory in use after: 83.2 MB.

Unloading 6 unused Assets to reduce memory usage. Loaded Objects now: 3999.
Total: 4.861400 ms (FindLiveObjects: 0.510200 ms CreateObjectMapping: 0.292800 ms MarkObjects: 4.030200 ms  DeleteObjects: 0.026100 ms)

AssetImportWorkerClient::OnTransportError - code=2 error=End of file
